Running: E:\Programs\Xilinx\14.7\ISE_DS\ISE\bin\nt64\unwrapped\fuse.exe -intstyle ise -incremental -lib unisims_ver -lib unimacro_ver -lib xilinxcorelib_ver -o C:/Users/ENGINCAN/Recitations/LAB4Final/VendingMachine_VendingMachine_sch_tb_isim_beh.exe -prj C:/Users/ENGINCAN/Recitations/LAB4Final/VendingMachine_VendingMachine_sch_tb_beh.prj work.VendingMachine_VendingMachine_sch_tb work.glbl 
ISim P.20131013 (signature 0x7708f090)
Number of CPUs detected in this system: 8
Turning on mult-threading, number of parallel sub-compilation jobs: 16 
Determining compilation order of HDL files
Analyzing Verilog file "C:/Users/ENGINCAN/Recitations/LAB4Final/VendingMachine.vf" into library work
Analyzing Verilog file "C:/Users/ENGINCAN/Recitations/LAB4Final/testfinal.v" into library work
Analyzing Verilog file "E:/Programs/Xilinx/14.7/ISE_DS/ISE//verilog/src/glbl.v" into library work
Starting static elaboration
Completed static elaboration
Compiling module FDC
Compiling module OR3
Compiling module OR4
Compiling module INV
Compiling module AND3
Compiling module AND4
Compiling module OR2
Compiling module AND2
Compiling module VendingMachine
Compiling module VendingMachine_VendingMachine_sc...
Compiling module glbl
Time Resolution for simulation is 1ps.
WARNING:Simulator - Unable to copy libPortabilityNOSH.dll to the simulation executable directory: boost::filesystem::copy_file: The system cannot find the path specified, "isim\VendingMachine_VendingMachine_sch_tb_isim_beh.exe.sim\libPortability.dll".
Compiled 11 Verilog Units
Built simulation executable C:/Users/ENGINCAN/Recitations/LAB4Final/VendingMachine_VendingMachine_sch_tb_isim_beh.exe
Fuse Memory Usage: 27604 KB
Fuse CPU Usage: 421 ms
